c:\users\alfie\desktop\orangeware-undetected src\orangeware-undetected\x64\release\vc143.pdb
c:\users\alfie\desktop\orangeware-undetected src\orangeware-undetected\x64\release\[dllmain].obj
c:\users\alfie\desktop\orangeware-undetected src\orangeware-undetected\x64\release\vector3.obj
c:\users\alfie\desktop\orangeware-undetected src\orangeware-undetected\x64\release\modulegrab.obj
c:\users\alfie\desktop\orangeware-undetected src\orangeware-undetected\x64\release\imgui_impl_dx11.obj
c:\users\alfie\desktop\orangeware-undetected src\orangeware-undetected\x64\release\imgui_draw.obj
c:\users\alfie\desktop\orangeware-undetected src\orangeware-undetected\x64\release\imgui.obj
c:\users\alfie\desktop\orangeware-undetected src\x64\release\orange.dll
c:\users\alfie\desktop\orangeware-undetected src\orangeware-undetected\x64\release\orange.ipdb
c:\users\alfie\desktop\orangeware-undetected src\orangeware-undetected\x64\release\orange.iobj
c:\users\alfie\desktop\orangeware-undetected src\orangeware-undetected\x64\release\[ntusersendinput].obj
c:\users\alfie\desktop\orangeware-undetected src\orangeware-undetected\x64\release\[shell].obj
c:\users\alfie\desktop\orangeware-undetected src\orangeware-undetected\x64\release\orangeballs.tlog\cl.command.1.tlog
c:\users\alfie\desktop\orangeware-undetected src\orangeware-undetected\x64\release\orangeballs.tlog\cl.read.1.tlog
c:\users\alfie\desktop\orangeware-undetected src\orangeware-undetected\x64\release\orangeballs.tlog\cl.write.1.tlog
c:\users\alfie\desktop\orangeware-undetected src\orangeware-undetected\x64\release\orangeballs.tlog\link.command.1.tlog
c:\users\alfie\desktop\orangeware-undetected src\orangeware-undetected\x64\release\orangeballs.tlog\link.read.1.tlog
c:\users\alfie\desktop\orangeware-undetected src\orangeware-undetected\x64\release\orangeballs.tlog\link.write.1.tlog
c:\users\alfie\desktop\orangeware-undetected src\orangeware-undetected\x64\release\orangeballs.tlog\masm.read.1u.tlog
c:\users\alfie\desktop\orangeware-undetected src\orangeware-undetected\x64\release\orangeballs.tlog\masm.write.1u.tlog
